<?xml version="1.0" encoding="UTF-8" ?>
<testsuite failures="0" time="0.268" errors="0" skipped="0" tests="2" name="org.opencastproject.engageui.impl.EngageUITest">
  <properties>
    <property name="java.runtime.name" value="OpenJDK Runtime Environment"/>
    <property name="sun.boot.library.path" value="/usr/lib/jvm/java-1.6.0-openjdk-1.6.0.0/jre/lib/i386"/>
    <property name="java.vm.version" value="19.0-b06"/>
    <property name="java.vm.vendor" value="Sun Microsystems Inc."/>
    <property name="java.vendor.url" value="http://java.sun.com/"/>
    <property name="path.separator" value=":"/>
    <property name="java.vm.name" value="OpenJDK Server VM"/>
    <property name="file.encoding.pkg" value="sun.io"/>
    <property name="user.country" value="US"/>
    <property name="sun.java.launcher" value="SUN_STANDARD"/>
    <property name="sun.os.patch.level" value="unknown"/>
    <property name="java.vm.specification.name" value="Java Virtual Machine Specification"/>
    <property name="user.dir" value="/opt/matterhorn/1.1.0/modules/matterhorn-engage-ui"/>
    <property name="java.runtime.version" value="1.6.0_20-b20"/>
    <property name="java.awt.graphicsenv" value="sun.awt.X11GraphicsEnvironment"/>
    <property name="basedir" value="/opt/matterhorn/1.1.0/modules/matterhorn-engage-ui"/>
    <property name="java.endorsed.dirs" value="/usr/lib/jvm/java-1.6.0-openjdk-1.6.0.0/jre/lib/endorsed"/>
    <property name="os.arch" value="i386"/>
    <property name="surefire.real.class.path" value="/tmp/surefirebooter3909511920379663109.jar"/>
    <property name="java.io.tmpdir" value="/tmp"/>
    <property name="line.separator" value="
"/>
    <property name="deployTo" value="/opt/matterhorn/felix/matterhorn/"/>
    <property name="java.vm.specification.vendor" value="Sun Microsystems Inc."/>
    <property name="os.name" value="Linux"/>
    <property name="sun.jnu.encoding" value="UTF-8"/>
    <property name="java.library.path" value="/usr/lib/jvm/java-1.6.0-openjdk-1.6.0.0/jre/lib/i386/server:/usr/lib/jvm/java-1.6.0-openjdk-1.6.0.0/jre/lib/i386:/usr/lib/jvm/java-1.6.0-openjdk-1.6.0.0/jre/../lib/i386:/usr/java/packages/lib/i386:/lib:/usr/lib"/>
    <property name="surefire.test.class.path" value="/opt/matterhorn/1.1.0/modules/matterhorn-engage-ui/target/test-classes:/opt/matterhorn/1.1.0/modules/matterhorn-engage-ui/target/classes:/root/.m2/repository/commons-io/commons-io/1.4/commons-io-1.4.jar:/root/.m2/repository/javax/servlet/servlet-api/2.5/servlet-api-2.5.jar:/root/.m2/repository/org/apache/servicemix/specs/org.apache.servicemix.specs.jaxb-api-2.1/1.3.0/org.apache.servicemix.specs.jaxb-api-2.1-1.3.0.jar:/root/.m2/repository/org/apache/servicemix/specs/org.apache.servicemix.specs.stax-api-1.0/1.3.0/org.apache.servicemix.specs.stax-api-1.0-1.3.0.jar:/root/.m2/repository/org/apache/geronimo/specs/geronimo-activation_1.1_spec/1.0.2/geronimo-activation_1.1_spec-1.0.2.jar:/root/.m2/repository/javax/ws/rs/jsr311-api/1.1.A/jsr311-api-1.1.A.jar:/root/.m2/repository/org/osgi/org.osgi.core/4.2.0/org.osgi.core-4.2.0.jar:/root/.m2/repository/org/osgi/org.osgi.compendium/4.2.0/org.osgi.compendium-4.2.0.jar:/root/.m2/repository/org/slf4j/slf4j-api/1.5.8/slf4j-api-1.5.8.jar:/root/.m2/repository/org/slf4j/slf4j-simple/1.5.8/slf4j-simple-1.5.8.jar:/root/.m2/repository/junit/junit/4.5/junit-4.5.jar:/root/.m2/repository/org/opencastproject/matterhorn-search-service-api/1.1.0/matterhorn-search-service-api-1.1.0.jar:/root/.m2/repository/org/opencastproject/matterhorn-common/1.1.0/matterhorn-common-1.1.0.jar:/root/.m2/repository/org/freemarker/freemarker/2.3.15/freemarker-2.3.15.jar:/root/.m2/repository/org/apache/httpcomponents/httpclient-osgi/4.0.1/httpclient-osgi-4.0.1.jar:/root/.m2/repository/org/apache/httpcomponents/httpclient/4.0.1/httpclient-4.0.1.jar:/root/.m2/repository/org/apache/httpcomponents/httpcore/4.0.1/httpcore-4.0.1.jar:/root/.m2/repository/commons-logging/commons-logging/1.1.1/commons-logging-1.1.1.jar:/root/.m2/repository/commons-codec/commons-codec/1.4/commons-codec-1.4.jar:/root/.m2/repository/org/apache/httpcomponents/httpmime/4.0.1/httpmime-4.0.1.jar:/root/.m2/repository/org/apache/james/apache-mime4j/0.6/apache-mime4j-0.6.jar:/root/.m2/repository/commons-lang/commons-lang/2.4/commons-lang-2.4.jar:/root/.m2/repository/commons-collections/commons-collections/3.2.1/commons-collections-3.2.1.jar:/root/.m2/repository/de/schlichtherle/truezip/6.8/truezip-6.8.jar:/root/.m2/repository/org/apache/ant/ant/1.8.1/ant-1.8.1.jar:/root/.m2/repository/org/apache/ant/ant-launcher/1.8.1/ant-launcher-1.8.1.jar:/root/.m2/repository/org/bouncycastle/bcprov-jdk14/1.45/bcprov-jdk14-1.45.jar:/root/.m2/repository/joda-time/joda-time/1.6/joda-time-1.6.jar:"/>
    <property name="java.specification.name" value="Java Platform API Specification"/>
    <property name="java.class.version" value="50.0"/>
    <property name="sun.management.compiler" value="HotSpot Tiered Compilers"/>
    <property name="os.version" value="2.6.35.6-45.fc14.i686"/>
    <property name="user.home" value="/root"/>
    <property name="user.timezone" value=""/>
    <property name="java.awt.printerjob" value="sun.print.PSPrinterJob"/>
    <property name="java.specification.version" value="1.6"/>
    <property name="file.encoding" value="UTF-8"/>
    <property name="user.name" value="root"/>
    <property name="java.class.path" value="/opt/matterhorn/1.1.0/modules/matterhorn-engage-ui/target/test-classes:/opt/matterhorn/1.1.0/modules/matterhorn-engage-ui/target/classes:/root/.m2/repository/commons-io/commons-io/1.4/commons-io-1.4.jar:/root/.m2/repository/javax/servlet/servlet-api/2.5/servlet-api-2.5.jar:/root/.m2/repository/org/apache/servicemix/specs/org.apache.servicemix.specs.jaxb-api-2.1/1.3.0/org.apache.servicemix.specs.jaxb-api-2.1-1.3.0.jar:/root/.m2/repository/org/apache/servicemix/specs/org.apache.servicemix.specs.stax-api-1.0/1.3.0/org.apache.servicemix.specs.stax-api-1.0-1.3.0.jar:/root/.m2/repository/org/apache/geronimo/specs/geronimo-activation_1.1_spec/1.0.2/geronimo-activation_1.1_spec-1.0.2.jar:/root/.m2/repository/javax/ws/rs/jsr311-api/1.1.A/jsr311-api-1.1.A.jar:/root/.m2/repository/org/osgi/org.osgi.core/4.2.0/org.osgi.core-4.2.0.jar:/root/.m2/repository/org/osgi/org.osgi.compendium/4.2.0/org.osgi.compendium-4.2.0.jar:/root/.m2/repository/org/slf4j/slf4j-api/1.5.8/slf4j-api-1.5.8.jar:/root/.m2/repository/org/slf4j/slf4j-simple/1.5.8/slf4j-simple-1.5.8.jar:/root/.m2/repository/junit/junit/4.5/junit-4.5.jar:/root/.m2/repository/org/opencastproject/matterhorn-search-service-api/1.1.0/matterhorn-search-service-api-1.1.0.jar:/root/.m2/repository/org/opencastproject/matterhorn-common/1.1.0/matterhorn-common-1.1.0.jar:/root/.m2/repository/org/freemarker/freemarker/2.3.15/freemarker-2.3.15.jar:/root/.m2/repository/org/apache/httpcomponents/httpclient-osgi/4.0.1/httpclient-osgi-4.0.1.jar:/root/.m2/repository/org/apache/httpcomponents/httpclient/4.0.1/httpclient-4.0.1.jar:/root/.m2/repository/org/apache/httpcomponents/httpcore/4.0.1/httpcore-4.0.1.jar:/root/.m2/repository/commons-logging/commons-logging/1.1.1/commons-logging-1.1.1.jar:/root/.m2/repository/commons-codec/commons-codec/1.4/commons-codec-1.4.jar:/root/.m2/repository/org/apache/httpcomponents/httpmime/4.0.1/httpmime-4.0.1.jar:/root/.m2/repository/org/apache/james/apache-mime4j/0.6/apache-mime4j-0.6.jar:/root/.m2/repository/commons-lang/commons-lang/2.4/commons-lang-2.4.jar:/root/.m2/repository/commons-collections/commons-collections/3.2.1/commons-collections-3.2.1.jar:/root/.m2/repository/de/schlichtherle/truezip/6.8/truezip-6.8.jar:/root/.m2/repository/org/apache/ant/ant/1.8.1/ant-1.8.1.jar:/root/.m2/repository/org/apache/ant/ant-launcher/1.8.1/ant-launcher-1.8.1.jar:/root/.m2/repository/org/bouncycastle/bcprov-jdk14/1.45/bcprov-jdk14-1.45.jar:/root/.m2/repository/joda-time/joda-time/1.6/joda-time-1.6.jar:"/>
    <property name="java.vm.specification.version" value="1.0"/>
    <property name="sun.arch.data.model" value="32"/>
    <property name="java.home" value="/usr/lib/jvm/java-1.6.0-openjdk-1.6.0.0/jre"/>
    <property name="M2_REPO" value="/root/.m2/repository"/>
    <property name="java.specification.vendor" value="Sun Microsystems Inc."/>
    <property name="user.language" value="en"/>
    <property name="java.vm.info" value="mixed mode"/>
    <property name="java.version" value="1.6.0_20"/>
    <property name="java.ext.dirs" value="/usr/lib/jvm/java-1.6.0-openjdk-1.6.0.0/jre/lib/ext:/usr/java/packages/lib/ext"/>
    <property name="sun.boot.class.path" value="/usr/lib/jvm/java-1.6.0-openjdk-1.6.0.0/jre/lib/resources.jar:/usr/lib/jvm/java-1.6.0-openjdk-1.6.0.0/jre/lib/rt.jar:/usr/lib/jvm/java-1.6.0-openjdk-1.6.0.0/jre/lib/sunrsasign.jar:/usr/lib/jvm/java-1.6.0-openjdk-1.6.0.0/jre/lib/jsse.jar:/usr/lib/jvm/java-1.6.0-openjdk-1.6.0.0/jre/lib/jce.jar:/usr/lib/jvm/java-1.6.0-openjdk-1.6.0.0/jre/lib/charsets.jar:/usr/lib/jvm/java-1.6.0-openjdk-1.6.0.0/jre/lib/netx.jar:/usr/lib/jvm/java-1.6.0-openjdk-1.6.0.0/jre/lib/plugin.jar:/usr/lib/jvm/java-1.6.0-openjdk-1.6.0.0/jre/lib/rhino.jar:/usr/lib/jvm/java-1.6.0-openjdk-1.6.0.0/jre/lib/modules/jdk.boot.jar:/usr/lib/jvm/java-1.6.0-openjdk-1.6.0.0/jre/classes"/>
    <property name="java.vendor" value="Sun Microsystems Inc."/>
    <property name="java.awt.headless" value="true"/>
    <property name="localRepository" value="/root/.m2/repository"/>
    <property name="file.separator" value="/"/>
    <property name="java.vendor.url.bug" value="http://java.sun.com/cgi-bin/bugreport.cgi"/>
    <property name="sun.cpu.endian" value="little"/>
    <property name="sun.io.unicode.encoding" value="UnicodeLittle"/>
    <property name="sun.desktop" value="gnome"/>
    <property name="sun.cpu.isalist" value=""/>
  </properties>
  <testcase time="0.005" classname="org.opencastproject.engageui.impl.EngageUITest" name="testPlayerXSL"/>
  <testcase time="0.211" classname="org.opencastproject.engageui.impl.EngageUITest" name="testEpisodesXSL"/>
</testsuite>